This is pdfTeX, Version 3.14159265-2.6-1.40.17 (TeX Live 2016/W32TeX) (preloaded format=pdflatex 2017.3.25)  2 JUL 2018 18:13
entering extended mode
 \write18 enabled.
 %&-line parsing enabled.
**./essay_1.tex
(./essay_1.tex
LaTeX2e <2017/01/01> patch level 3
Babel <3.9r> and hyphenation patterns for 83 language(s) loaded.
(c:/texlive/2016/texmf-dist/tex/latex/base/article.cls
Document Class: article 2014/09/29 v1.4h Standard LaTeX document class
(c:/texlive/2016/texmf-dist/tex/latex/base/size12.clo
File: size12.clo 2014/09/29 v1.4h Standard LaTeX file (size option)
)
\c@part=\count79
\c@section=\count80
\c@subsection=\count81
\c@subsubsection=\count82
\c@paragraph=\count83
\c@subparagraph=\count84
\c@figure=\count85
\c@table=\count86
\abovecaptionskip=\skip41
\belowcaptionskip=\skip42
\bibindent=\dimen102
)
(c:/texlive/2016/texmf-dist/tex/latex/geometry/geometry.sty
Package: geometry 2010/09/12 v5.6 Page Geometry

(c:/texlive/2016/texmf-dist/tex/latex/graphics/keyval.sty
Package: keyval 2014/10/28 v1.15 key=value parser (DPC)
\KV@toks@=\toks14
)
(c:/texlive/2016/texmf-dist/tex/generic/oberdiek/ifpdf.sty
Package: ifpdf 2016/05/14 v3.1 Provides the ifpdf switch
)
(c:/texlive/2016/texmf-dist/tex/generic/oberdiek/ifvtex.sty
Package: ifvtex 2016/05/16 v1.6 Detect VTeX and its facilities (HO)
Package ifvtex Info: VTeX not detected.
)
(c:/texlive/2016/texmf-dist/tex/generic/ifxetex/ifxetex.sty
Package: ifxetex 2010/09/12 v0.6 Provides ifxetex conditional
)
\Gm@cnth=\count87
\Gm@cntv=\count88
\c@Gm@tempcnt=\count89
\Gm@bindingoffset=\dimen103
\Gm@wd@mp=\dimen104
\Gm@odd@mp=\dimen105
\Gm@even@mp=\dimen106
\Gm@layoutwidth=\dimen107
\Gm@layoutheight=\dimen108
\Gm@layouthoffset=\dimen109
\Gm@layoutvoffset=\dimen110
\Gm@dimlist=\toks15
)
(c:/texlive/2016/texmf-dist/tex/latex/graphics/graphicx.sty
Package: graphicx 2014/10/28 v1.0g Enhanced LaTeX Graphics (DPC,SPQR)

(c:/texlive/2016/texmf-dist/tex/latex/graphics/graphics.sty
Package: graphics 2016/10/09 v1.0u Standard LaTeX Graphics (DPC,SPQR)

(c:/texlive/2016/texmf-dist/tex/latex/graphics/trig.sty
Package: trig 2016/01/03 v1.10 sin cos tan (DPC)
)
(c:/texlive/2016/texmf-dist/tex/latex/graphics-cfg/graphics.cfg
File: graphics.cfg 2016/06/04 v1.11 sample graphics configuration
)
Package graphics Info: Driver file: pdftex.def on input line 99.

(c:/texlive/2016/texmf-dist/tex/latex/graphics-def/pdftex.def
File: pdftex.def 2017/01/12 v0.06k Graphics/color for pdfTeX

(c:/texlive/2016/texmf-dist/tex/generic/oberdiek/infwarerr.sty
Package: infwarerr 2016/05/16 v1.4 Providing info/warning/error messages (HO)
)
(c:/texlive/2016/texmf-dist/tex/generic/oberdiek/ltxcmds.sty
Package: ltxcmds 2016/05/16 v1.23 LaTeX kernel commands for general use (HO)
)
\Gread@gobject=\count90
))
\Gin@req@height=\dimen111
\Gin@req@width=\dimen112
)
(c:/texlive/2016/texmf-dist/tex/latex/float/float.sty
Package: float 2001/11/08 v1.3d Float enhancements (AL)
\c@float@type=\count91
\float@exts=\toks16
\float@box=\box26
\@float@everytoks=\toks17
\@floatcapt=\box27
)
(c:/texlive/2016/texmf-dist/tex/latex/wrapfig/wrapfig.sty
\wrapoverhang=\dimen113
\WF@size=\dimen114
\c@WF@wrappedlines=\count92
\WF@box=\box28
\WF@everypar=\toks18
Package: wrapfig 2003/01/31  v 3.6
)
(c:/texlive/2016/texmf-dist/tex/latex/lipsum/lipsum.sty
Package: lipsum 2014/07/27 v1.3 150 paragraphs of Lorem Ipsum dummy text
\c@lips@count=\count93
)
(c:/texlive/2016/texmf-dist/tex/latex/amsmath/amsmath.sty
Package: amsmath 2016/11/05 v2.16a AMS math features
\@mathmargin=\skip43

For additional information on amsmath, use the `?' option.
(c:/texlive/2016/texmf-dist/tex/latex/amsmath/amstext.sty
Package: amstext 2000/06/29 v2.01 AMS text

(c:/texlive/2016/texmf-dist/tex/latex/amsmath/amsgen.sty
File: amsgen.sty 1999/11/30 v2.0 generic functions
\@emptytoks=\toks19
\ex@=\dimen115
))
(c:/texlive/2016/texmf-dist/tex/latex/amsmath/amsbsy.sty
Package: amsbsy 1999/11/29 v1.2d Bold Symbols
\pmbraise@=\dimen116
)
(c:/texlive/2016/texmf-dist/tex/latex/amsmath/amsopn.sty
Package: amsopn 2016/03/08 v2.02 operator names
)
\inf@bad=\count94
LaTeX Info: Redefining \frac on input line 213.
\uproot@=\count95
\leftroot@=\count96
LaTeX Info: Redefining \overline on input line 375.
\classnum@=\count97
\DOTSCASE@=\count98
LaTeX Info: Redefining \ldots on input line 472.
LaTeX Info: Redefining \dots on input line 475.
LaTeX Info: Redefining \cdots on input line 596.
\Mathstrutbox@=\box29
\strutbox@=\box30
\big@size=\dimen117
LaTeX Font Info:    Redeclaring font encoding OML on input line 712.
LaTeX Font Info:    Redeclaring font encoding OMS on input line 713.
\macc@depth=\count99
\c@MaxMatrixCols=\count100
\dotsspace@=\muskip10
\c@parentequation=\count101
\dspbrk@lvl=\count102
\tag@help=\toks20
\row@=\count103
\column@=\count104
\maxfields@=\count105
\andhelp@=\toks21
\eqnshift@=\dimen118
\alignsep@=\dimen119
\tagshift@=\dimen120
\tagwidth@=\dimen121
\totwidth@=\dimen122
\lineht@=\dimen123
\@envbody=\toks22
\multlinegap=\skip44
\multlinetaggap=\skip45
\mathdisplay@stack=\toks23
LaTeX Info: Redefining \[ on input line 2817.
LaTeX Info: Redefining \] on input line 2818.
)
(c:/texlive/2016/texmf-dist/tex/latex/amscls/amsthm.sty
Package: amsthm 2015/03/04 v2.20.2
\thm@style=\toks24
\thm@bodyfont=\toks25
\thm@headfont=\toks26
\thm@notefont=\toks27
\thm@headpunct=\toks28
\thm@preskip=\skip46
\thm@postskip=\skip47
\thm@headsep=\skip48
\dth@everypar=\toks29
) (./essay_1.aux

LaTeX Warning: Label `fig:speciation' multiply defined.


LaTeX Warning: Label `fig:speciation' multiply defined.


LaTeX Warning: Label `fig:speciation' multiply defined.


LaTeX Warning: Label `fig:speciation' multiply defined.


LaTeX Warning: Label `fig:speciation' multiply defined.


LaTeX Warning: Label `fig:speciation' multiply defined.

)
\openout1 = `essay_1.aux'.

LaTeX Font Info:    Checking defaults for OML/cmm/m/it on input line 53.
LaTeX Font Info:    ... okay on input line 53.
LaTeX Font Info:    Checking defaults for T1/cmr/m/n on input line 53.
LaTeX Font Info:    ... okay on input line 53.
LaTeX Font Info:    Checking defaults for OT1/cmr/m/n on input line 53.
LaTeX Font Info:    ... okay on input line 53.
LaTeX Font Info:    Checking defaults for OMS/cmsy/m/n on input line 53.
LaTeX Font Info:    ... okay on input line 53.
LaTeX Font Info:    Checking defaults for OMX/cmex/m/n on input line 53.
LaTeX Font Info:    ... okay on input line 53.
LaTeX Font Info:    Checking defaults for U/cmr/m/n on input line 53.
LaTeX Font Info:    ... okay on input line 53.

*geometry* driver: auto-detecting
*geometry* detected driver: pdftex
*geometry* verbose mode - [ preamble ] result:
* driver: pdftex
* paper: a4paper
* layout: <same size as paper>
* layoutoffset:(h,v)=(0.0pt,0.0pt)
* modes: 
* h-part:(L,W,R)=(89.62709pt, 418.25368pt, 89.6271pt)
* v-part:(T,H,B)=(101.40665pt, 591.5302pt, 152.11pt)
* \paperwidth=597.50787pt
* \paperheight=845.04684pt
* \textwidth=418.25368pt
* \textheight=591.5302pt
* \oddsidemargin=17.3571pt
* \evensidemargin=17.3571pt
* \topmargin=-7.86334pt
* \headheight=12.0pt
* \headsep=25.0pt
* \topskip=12.0pt
* \footskip=30.0pt
* \marginparwidth=44.0pt
* \marginparsep=10.0pt
* \columnsep=10.0pt
* \skip\footins=10.8pt plus 4.0pt minus 2.0pt
* \hoffset=0.0pt
* \voffset=0.0pt
* \mag=1000
* \@twocolumnfalse
* \@twosidefalse
* \@mparswitchfalse
* \@reversemarginfalse
* (1in=72.27pt=25.4mm, 1cm=28.453pt)

(c:/texlive/2016/texmf-dist/tex/context/base/mkii/supp-pdf.mkii
[Loading MPS to PDF converter (version 2006.09.02).]
\scratchcounter=\count106
\scratchdimen=\dimen124
\scratchbox=\box31
\nofMPsegments=\count107
\nofMParguments=\count108
\everyMPshowfont=\toks30
\MPscratchCnt=\count109
\MPscratchDim=\dimen125
\MPnumerator=\count110
\makeMPintoPDFobject=\count111
\everyMPtoPDFconversion=\toks31
) (c:/texlive/2016/texmf-dist/tex/generic/oberdiek/pdftexcmds.sty
Package: pdftexcmds 2016/05/21 v0.22 Utility functions of pdfTeX for LuaTeX (HO
)

(c:/texlive/2016/texmf-dist/tex/generic/oberdiek/ifluatex.sty
Package: ifluatex 2016/05/16 v1.4 Provides the ifluatex switch (HO)
Package ifluatex Info: LuaTeX not detected.
)
Package pdftexcmds Info: LuaTeX not detected.
Package pdftexcmds Info: \pdf@primitive is available.
Package pdftexcmds Info: \pdf@ifprimitive is available.
Package pdftexcmds Info: \pdfdraftmode found.
)
(c:/texlive/2016/texmf-dist/tex/latex/oberdiek/epstopdf-base.sty
Package: epstopdf-base 2016/05/15 v2.6 Base part for package epstopdf

(c:/texlive/2016/texmf-dist/tex/latex/oberdiek/grfext.sty
Package: grfext 2016/05/16 v1.2 Manage graphics extensions (HO)

(c:/texlive/2016/texmf-dist/tex/generic/oberdiek/kvdefinekeys.sty
Package: kvdefinekeys 2016/05/16 v1.4 Define keys (HO)
))
(c:/texlive/2016/texmf-dist/tex/latex/oberdiek/kvoptions.sty
Package: kvoptions 2016/05/16 v3.12 Key value format for package options (HO)

(c:/texlive/2016/texmf-dist/tex/generic/oberdiek/kvsetkeys.sty
Package: kvsetkeys 2016/05/16 v1.17 Key value parser (HO)

(c:/texlive/2016/texmf-dist/tex/generic/oberdiek/etexcmds.sty
Package: etexcmds 2016/05/16 v1.6 Avoid name clashes with e-TeX commands (HO)
Package etexcmds Info: Could not find \expanded.
(etexcmds)             That can mean that you are not using pdfTeX 1.50 or
(etexcmds)             that some package has redefined \expanded.
(etexcmds)             In the latter case, load this package earlier.
)))
Package epstopdf-base Info: Redefining graphics rule for `.eps' on input line 4
38.
Package grfext Info: Graphics extension search list:
(grfext)             [.png,.pdf,.jpg,.mps,.jpeg,.jbig2,.jb2,.PNG,.PDF,.JPG,.JPE
G,.JBIG2,.JB2,.eps]
(grfext)             \AppendGraphicsExtensions on input line 456.

(c:/texlive/2016/texmf-dist/tex/latex/latexconfig/epstopdf-sys.cfg
File: epstopdf-sys.cfg 2010/07/13 v1.3 Configuration of (r)epstopdf for TeX Liv
e
)) [1

{c:/texlive/2016/texmf-var/fonts/map/pdftex/updmap/pdftex.map}] (./essay_1.toc)
\tf@toc=\write3
\openout3 = `essay_1.toc'.


[1] <fig1.pdf, id=13, 361.35pt x 149.55875pt>
File: fig1.pdf Graphic file (type pdf)
 <use fig1.pdf>
Package pdftex.def Info: fig1.pdf used on input line 134.
(pdftex.def)             Requested size: 355.51817pt x 147.14621pt.
 [2]
<fig2.pdf, id=22, 361.35pt x 239.89626pt>
File: fig2.pdf Graphic file (type pdf)
 <use fig2.pdf>
Package pdftex.def Info: fig2.pdf used on input line 140.
(pdftex.def)             Requested size: 250.95476pt x 166.60843pt.
 [3 <./fig1.pdf> <./fig2.pdf

pdfTeX warning: pdflatex.exe (file ./fig2.pdf): PDF inclusion: multiple pdfs wi
th page group included in a single page
>] <fig3.pdf, id=74, 361.35pt x 223.83624pt>
File: fig3.pdf Graphic file (type pdf)
 <use fig3.pdf>
Package pdftex.def Info: fig3.pdf used on input line 167.
(pdftex.def)             Requested size: 313.69025pt x 194.31586pt.
 [4]
<fig4_1.pdf, id=78, 361.35pt x 161.60374pt>
File: fig4_1.pdf Graphic file (type pdf)
 <use fig4_1.pdf>
Package pdftex.def Info: fig4_1.pdf used on input line 173.
(pdftex.def)             Requested size: 230.04079pt x 102.87862pt.

<fig4_2.pdf, id=79, 361.35pt x 163.61125pt>
File: fig4_2.pdf Graphic file (type pdf)
 <use fig4_2.pdf>
Package pdftex.def Info: fig4_2.pdf used on input line 174.
(pdftex.def)             Requested size: 230.04079pt x 104.1566pt.

<fig4_3.pdf, id=80, 361.35pt x 161.60374pt>
File: fig4_3.pdf Graphic file (type pdf)
 <use fig4_3.pdf>
Package pdftex.def Info: fig4_3.pdf used on input line 175.
(pdftex.def)             Requested size: 230.04079pt x 102.87862pt.

<fig4_4.pdf, id=81, 361.35pt x 168.63pt>
File: fig4_4.pdf Graphic file (type pdf)
 <use fig4_4.pdf>
Package pdftex.def Info: fig4_4.pdf used on input line 176.
(pdftex.def)             Requested size: 230.04079pt x 107.3516pt.

<fig4_5.pdf, id=82, 361.35pt x 157.58875pt>
File: fig4_5.pdf Graphic file (type pdf)
 <use fig4_5.pdf>
Package pdftex.def Info: fig4_5.pdf used on input line 177.
(pdftex.def)             Requested size: 230.04079pt x 100.32262pt.
 [5 <./fig3.pdf>]
<fig5_1.pdf, id=119, 361.35pt x 303.1325pt>
File: fig5_1.pdf Graphic file (type pdf)
 <use fig5_1.pdf>
Package pdftex.def Info: fig5_1.pdf used on input line 185.
(pdftex.def)             Requested size: 209.12683pt x 175.43306pt.

<fig5_2.pdf, id=120, 361.35pt x 303.1325pt>
File: fig5_2.pdf Graphic file (type pdf)
 <use fig5_2.pdf>
Package pdftex.def Info: fig5_2.pdf used on input line 186.
(pdftex.def)             Requested size: 209.12683pt x 175.43306pt.

<fig5_3.pdf, id=121, 361.35pt x 303.1325pt>
File: fig5_3.pdf Graphic file (type pdf)
 <use fig5_3.pdf>
Package pdftex.def Info: fig5_3.pdf used on input line 187.
(pdftex.def)             Requested size: 209.12683pt x 175.43306pt.
 [6 <./fig4_1.pdf> <./fig4_2.pdf

pdfTeX warning: pdflatex.exe (file ./fig4_2.pdf): PDF inclusion: multiple pdfs 
with page group included in a single page
> <./fig4_3.pdf

pdfTeX warning: pdflatex.exe (file ./fig4_3.pdf): PDF inclusion: multiple pdfs 
with page group included in a single page
> <./fig4_4.pdf

pdfTeX warning: pdflatex.exe (file ./fig4_4.pdf): PDF inclusion: multiple pdfs 
with page group included in a single page
> <./fig4_5.pdf

pdfTeX warning: pdflatex.exe (file ./fig4_5.pdf): PDF inclusion: multiple pdfs 
with page group included in a single page
>]
Overfull \vbox (19.58556pt too high) has occurred while \output is active []


[7 <./fig5_1.pdf> <./fig5_2.pdf

pdfTeX warning: pdflatex.exe (file ./fig5_2.pdf): PDF inclusion: multiple pdfs 
with page group included in a single page
> <./fig5_3.pdf

pdfTeX warning: pdflatex.exe (file ./fig5_3.pdf): PDF inclusion: multiple pdfs 
with page group included in a single page
>] <fig6.pdf, id=302, 361.35pt x 161.60374pt>
File: fig6.pdf Graphic file (type pdf)
 <use fig6.pdf>
Package pdftex.def Info: fig6.pdf used on input line 194.
(pdftex.def)             Requested size: 230.04079pt x 102.87862pt.
 [8 <./fig6.pdf>]
<fig7.pdf, id=322, 361.35pt x 330.23375pt>
File: fig7.pdf Graphic file (type pdf)
 <use fig7.pdf>
Package pdftex.def Info: fig7.pdf used on input line 262.
(pdftex.def)             Requested size: 334.60422pt x 305.79399pt.
 [9] [10 <./fig7.pdf>] [11] [12] [13] (./essay_1.aux)

LaTeX Warning: There were multiply-defined labels.

 ) 
Here is how much of TeX's memory you used:
 3045 strings out of 493013
 40791 string characters out of 6136993
 210971 words of memory out of 5000000
 6536 multiletter control sequences out of 15000+600000
 11911 words of font info for 42 fonts, out of 8000000 for 9000
 1141 hyphenation exceptions out of 8191
 39i,9n,25p,620b,266s stack positions out of 5000i,500n,10000p,200000b,80000s
<c:/texlive/2016/texmf-dist/fonts/type1/public/amsfonts/cm/cmbx12.pfb><c:/tex
live/2016/texmf-dist/fonts/type1/public/amsfonts/cm/cmcsc10.pfb><c:/texlive/201
6/texmf-dist/fonts/type1/public/amsfonts/cm/cmex10.pfb><c:/texlive/2016/texmf-d
ist/fonts/type1/public/amsfonts/cm/cmmi10.pfb><c:/texlive/2016/texmf-dist/fonts
/type1/public/amsfonts/cm/cmmi12.pfb><c:/texlive/2016/texmf-dist/fonts/type1/pu
blic/amsfonts/cm/cmmi8.pfb><c:/texlive/2016/texmf-dist/fonts/type1/public/amsfo
nts/cm/cmr10.pfb><c:/texlive/2016/texmf-dist/fonts/type1/public/amsfonts/cm/cmr
12.pfb><c:/texlive/2016/texmf-dist/fonts/type1/public/amsfonts/cm/cmr8.pfb><c:/
texlive/2016/texmf-dist/fonts/type1/public/amsfonts/cm/cmsy10.pfb><c:/texlive/2
016/texmf-dist/fonts/type1/public/amsfonts/cm/cmsy8.pfb><c:/texlive/2016/texmf-
dist/fonts/type1/public/amsfonts/cm/cmti12.pfb>
Output written on essay_1.pdf (14 pages, 313113 bytes).
PDF statistics:
 398 PDF objects out of 1000 (max. 8388607)
 268 compressed objects within 3 object streams
 0 named destinations out of 1000 (max. 500000)
 66 words of extra memory for PDF output out of 10000 (max. 10000000)

